{"/Users/renroetzel/Desktop/springboard/JavaScript/nodeJS/pg/express-biztime/app.js": {"path":"/Users/renroetzel/Desktop/springboard/JavaScript/nodeJS/pg/express-biztime/app.js","statementMap":{"0":{"start":{"line":4,"column":16},"end":{"line":4,"column":34}},"1":{"start":{"line":6,"column":12},"end":{"line":6,"column":21}},"2":{"start":{"line":7,"column":21},"end":{"line":7,"column":46}},"3":{"start":{"line":9,"column":0},"end":{"line":9,"column":24}},"4":{"start":{"line":11,"column":16},"end":{"line":11,"column":45}},"5":{"start":{"line":12,"column":16},"end":{"line":12,"column":44}},"6":{"start":{"line":13,"column":0},"end":{"line":13,"column":30}},"7":{"start":{"line":14,"column":0},"end":{"line":14,"column":31}},"8":{"start":{"line":19,"column":0},"end":{"line":22,"column":3}},"9":{"start":{"line":20,"column":14},"end":{"line":20,"column":48}},"10":{"start":{"line":21,"column":2},"end":{"line":21,"column":19}},"11":{"start":{"line":26,"column":0},"end":{"line":33,"column":3}},"12":{"start":{"line":27,"column":2},"end":{"line":27,"column":32}},"13":{"start":{"line":29,"column":2},"end":{"line":32,"column":5}},"14":{"start":{"line":36,"column":0},"end":{"line":36,"column":21}}},"fnMap":{"0":{"name":"(anonymous_0)","decl":{"start":{"line":19,"column":8},"end":{"line":19,"column":9}},"loc":{"start":{"line":19,"column":33},"end":{"line":22,"column":1}},"line":19},"1":{"name":"(anonymous_1)","decl":{"start":{"line":26,"column":8},"end":{"line":26,"column":9}},"loc":{"start":{"line":26,"column":33},"end":{"line":33,"column":1}},"line":26}},"branchMap":{"0":{"loc":{"start":{"line":27,"column":13},"end":{"line":27,"column":30}},"type":"binary-expr","locations":[{"start":{"line":27,"column":13},"end":{"line":27,"column":23}},{"start":{"line":27,"column":27},"end":{"line":27,"column":30}}],"line":27}},"s":{"0":1,"1":1,"2":1,"3":1,"4":1,"5":1,"6":1,"7":1,"8":1,"9":0,"10":0,"11":1,"12":4,"13":4,"14":1},"f":{"0":0,"1":4},"b":{"0":[4,1]},"_coverageSchema":"1a1c01bbd47fc00a2c39e90264f33305004495a9","hash":"affa3cb52792b9e339ee7ac123a5dfe6cdbf1913"}
,"/Users/renroetzel/Desktop/springboard/JavaScript/nodeJS/pg/express-biztime/db.js": {"path":"/Users/renroetzel/Desktop/springboard/JavaScript/nodeJS/pg/express-biztime/db.js","statementMap":{"0":{"start":{"line":3,"column":19},"end":{"line":3,"column":32}},"1":{"start":{"line":7,"column":0},"end":{"line":11,"column":1}},"2":{"start":{"line":8,"column":4},"end":{"line":8,"column":42}},"3":{"start":{"line":10,"column":4},"end":{"line":10,"column":37}},"4":{"start":{"line":13,"column":9},"end":{"line":15,"column":2}},"5":{"start":{"line":17,"column":0},"end":{"line":17,"column":13}},"6":{"start":{"line":19,"column":0},"end":{"line":19,"column":20}}},"fnMap":{},"branchMap":{"0":{"loc":{"start":{"line":7,"column":0},"end":{"line":11,"column":1}},"type":"if","locations":[{"start":{"line":7,"column":0},"end":{"line":11,"column":1}},{"start":{"line":9,"column":7},"end":{"line":11,"column":1}}],"line":7}},"s":{"0":1,"1":1,"2":1,"3":0,"4":1,"5":1,"6":1},"f":{},"b":{"0":[1,0]},"_coverageSchema":"1a1c01bbd47fc00a2c39e90264f33305004495a9","hash":"28ef837eec890961ae3f5d0e8259343d0f13c392"}
,"/Users/renroetzel/Desktop/springboard/JavaScript/nodeJS/pg/express-biztime/expressError.js": {"path":"/Users/renroetzel/Desktop/springboard/JavaScript/nodeJS/pg/express-biztime/expressError.js","statementMap":{"0":{"start":{"line":9,"column":4},"end":{"line":9,"column":12}},"1":{"start":{"line":10,"column":4},"end":{"line":10,"column":27}},"2":{"start":{"line":11,"column":4},"end":{"line":11,"column":25}},"3":{"start":{"line":12,"column":4},"end":{"line":12,"column":30}},"4":{"start":{"line":17,"column":0},"end":{"line":17,"column":30}}},"fnMap":{"0":{"name":"(anonymous_0)","decl":{"start":{"line":8,"column":2},"end":{"line":8,"column":3}},"loc":{"start":{"line":8,"column":31},"end":{"line":13,"column":3}},"line":8}},"branchMap":{},"s":{"0":3,"1":3,"2":3,"3":3,"4":1},"f":{"0":3},"b":{},"_coverageSchema":"1a1c01bbd47fc00a2c39e90264f33305004495a9","hash":"36915241b2ccebe83b2f2edec4d086ef589fc9a9"}
,"/Users/renroetzel/Desktop/springboard/JavaScript/nodeJS/pg/express-biztime/routes/companies.js": {"path":"/Users/renroetzel/Desktop/springboard/JavaScript/nodeJS/pg/express-biztime/routes/companies.js","statementMap":{"0":{"start":{"line":1,"column":16},"end":{"line":1,"column":34}},"1":{"start":{"line":2,"column":21},"end":{"line":2,"column":47}},"2":{"start":{"line":3,"column":15},"end":{"line":3,"column":31}},"3":{"start":{"line":4,"column":11},"end":{"line":4,"column":27}},"4":{"start":{"line":6,"column":0},"end":{"line":13,"column":2}},"5":{"start":{"line":7,"column":2},"end":{"line":12,"column":3}},"6":{"start":{"line":8,"column":20},"end":{"line":8,"column":61}},"7":{"start":{"line":9,"column":4},"end":{"line":9,"column":48}},"8":{"start":{"line":11,"column":4},"end":{"line":11,"column":19}},"9":{"start":{"line":16,"column":0},"end":{"line":34,"column":2}},"10":{"start":{"line":17,"column":4},"end":{"line":33,"column":5}},"11":{"start":{"line":18,"column":23},"end":{"line":18,"column":33}},"12":{"start":{"line":19,"column":24},"end":{"line":19,"column":126}},"13":{"start":{"line":20,"column":8},"end":{"line":20,"column":85}},"14":{"start":{"line":20,"column":38},"end":{"line":20,"column":85}},"15":{"start":{"line":21,"column":36},"end":{"line":21,"column":51}},"16":{"start":{"line":22,"column":23},"end":{"line":22,"column":25}},"17":{"start":{"line":23,"column":8},"end":{"line":29,"column":9}},"18":{"start":{"line":24,"column":12},"end":{"line":28,"column":13}},"19":{"start":{"line":25,"column":57},"end":{"line":25,"column":60}},"20":{"start":{"line":26,"column":26},"end":{"line":26,"column":62}},"21":{"start":{"line":27,"column":12},"end":{"line":27,"column":34}},"22":{"start":{"line":30,"column":8},"end":{"line":30,"column":73}},"23":{"start":{"line":32,"column":8},"end":{"line":32,"column":23}},"24":{"start":{"line":37,"column":0},"end":{"line":46,"column":2}},"25":{"start":{"line":38,"column":4},"end":{"line":45,"column":5}},"26":{"start":{"line":39,"column":42},"end":{"line":39,"column":50}},"27":{"start":{"line":40,"column":8},"end":{"line":40,"column":101}},"28":{"start":{"line":40,"column":27},"end":{"line":40,"column":101}},"29":{"start":{"line":41,"column":24},"end":{"line":41,"column":144}},"30":{"start":{"line":42,"column":8},"end":{"line":42,"column":64}},"31":{"start":{"line":44,"column":8},"end":{"line":44,"column":23}},"32":{"start":{"line":48,"column":0},"end":{"line":58,"column":2}},"33":{"start":{"line":49,"column":4},"end":{"line":57,"column":5}},"34":{"start":{"line":50,"column":22},"end":{"line":50,"column":37}},"35":{"start":{"line":51,"column":42},"end":{"line":51,"column":50}},"36":{"start":{"line":52,"column":24},"end":{"line":52,"column":177}},"37":{"start":{"line":53,"column":8},"end":{"line":53,"column":85}},"38":{"start":{"line":53,"column":38},"end":{"line":53,"column":85}},"39":{"start":{"line":54,"column":8},"end":{"line":54,"column":52}},"40":{"start":{"line":56,"column":8},"end":{"line":56,"column":23}},"41":{"start":{"line":60,"column":0},"end":{"line":69,"column":2}},"42":{"start":{"line":61,"column":4},"end":{"line":68,"column":5}},"43":{"start":{"line":62,"column":23},"end":{"line":62,"column":33}},"44":{"start":{"line":63,"column":24},"end":{"line":63,"column":101}},"45":{"start":{"line":64,"column":8},"end":{"line":64,"column":85}},"46":{"start":{"line":64,"column":38},"end":{"line":64,"column":85}},"47":{"start":{"line":65,"column":8},"end":{"line":65,"column":70}},"48":{"start":{"line":67,"column":8},"end":{"line":67,"column":23}},"49":{"start":{"line":73,"column":0},"end":{"line":73,"column":24}}},"fnMap":{"0":{"name":"(anonymous_0)","decl":{"start":{"line":6,"column":16},"end":{"line":6,"column":17}},"loc":{"start":{"line":6,"column":42},"end":{"line":13,"column":1}},"line":6},"1":{"name":"(anonymous_1)","decl":{"start":{"line":16,"column":21},"end":{"line":16,"column":22}},"loc":{"start":{"line":16,"column":47},"end":{"line":34,"column":1}},"line":16},"2":{"name":"(anonymous_2)","decl":{"start":{"line":37,"column":17},"end":{"line":37,"column":18}},"loc":{"start":{"line":37,"column":43},"end":{"line":46,"column":1}},"line":37},"3":{"name":"(anonymous_3)","decl":{"start":{"line":48,"column":21},"end":{"line":48,"column":22}},"loc":{"start":{"line":48,"column":47},"end":{"line":58,"column":1}},"line":48},"4":{"name":"(anonymous_4)","decl":{"start":{"line":60,"column":24},"end":{"line":60,"column":25}},"loc":{"start":{"line":60,"column":50},"end":{"line":69,"column":1}},"line":60}},"branchMap":{"0":{"loc":{"start":{"line":20,"column":8},"end":{"line":20,"column":85}},"type":"if","locations":[{"start":{"line":20,"column":8},"end":{"line":20,"column":85}},{"start":{},"end":{}}],"line":20},"1":{"loc":{"start":{"line":24,"column":12},"end":{"line":28,"column":13}},"type":"if","locations":[{"start":{"line":24,"column":12},"end":{"line":28,"column":13}},{"start":{},"end":{}}],"line":24},"2":{"loc":{"start":{"line":40,"column":8},"end":{"line":40,"column":101}},"type":"if","locations":[{"start":{"line":40,"column":8},"end":{"line":40,"column":101}},{"start":{},"end":{}}],"line":40},"3":{"loc":{"start":{"line":40,"column":11},"end":{"line":40,"column":25}},"type":"binary-expr","locations":[{"start":{"line":40,"column":11},"end":{"line":40,"column":16}},{"start":{"line":40,"column":20},"end":{"line":40,"column":25}}],"line":40},"4":{"loc":{"start":{"line":53,"column":8},"end":{"line":53,"column":85}},"type":"if","locations":[{"start":{"line":53,"column":8},"end":{"line":53,"column":85}},{"start":{},"end":{}}],"line":53},"5":{"loc":{"start":{"line":64,"column":8},"end":{"line":64,"column":85}},"type":"if","locations":[{"start":{"line":64,"column":8},"end":{"line":64,"column":85}},{"start":{},"end":{}}],"line":64}},"s":{"0":1,"1":1,"2":1,"3":1,"4":1,"5":1,"6":1,"7":1,"8":0,"9":1,"10":1,"11":1,"12":1,"13":1,"14":0,"15":1,"16":1,"17":1,"18":1,"19":0,"20":0,"21":0,"22":1,"23":0,"24":1,"25":3,"26":3,"27":3,"28":1,"29":2,"30":1,"31":2,"32":1,"33":2,"34":2,"35":2,"36":2,"37":2,"38":1,"39":1,"40":1,"41":1,"42":2,"43":2,"44":2,"45":2,"46":1,"47":1,"48":1,"49":1},"f":{"0":1,"1":1,"2":3,"3":2,"4":2},"b":{"0":[0,1],"1":[0,1],"2":[1,2],"3":[3,2],"4":[1,1],"5":[1,1]},"_coverageSchema":"1a1c01bbd47fc00a2c39e90264f33305004495a9","hash":"652342bab10913b1f7aa9f075c99c79266ca7558"}
,"/Users/renroetzel/Desktop/springboard/JavaScript/nodeJS/pg/express-biztime/routes/invoices.js": {"path":"/Users/renroetzel/Desktop/springboard/JavaScript/nodeJS/pg/express-biztime/routes/invoices.js","statementMap":{"0":{"start":{"line":1,"column":16},"end":{"line":1,"column":34}},"1":{"start":{"line":2,"column":21},"end":{"line":2,"column":47}},"2":{"start":{"line":3,"column":15},"end":{"line":3,"column":31}},"3":{"start":{"line":4,"column":11},"end":{"line":4,"column":27}},"4":{"start":{"line":7,"column":0},"end":{"line":14,"column":2}},"5":{"start":{"line":8,"column":4},"end":{"line":13,"column":5}},"6":{"start":{"line":9,"column":24},"end":{"line":9,"column":64}},"7":{"start":{"line":10,"column":8},"end":{"line":10,"column":51}},"8":{"start":{"line":12,"column":8},"end":{"line":12,"column":23}},"9":{"start":{"line":17,"column":0},"end":{"line":28,"column":2}},"10":{"start":{"line":18,"column":4},"end":{"line":27,"column":5}},"11":{"start":{"line":19,"column":21},"end":{"line":19,"column":31}},"12":{"start":{"line":20,"column":24},"end":{"line":20,"column":119}},"13":{"start":{"line":21,"column":8},"end":{"line":21,"column":88}},"14":{"start":{"line":21,"column":41},"end":{"line":21,"column":88}},"15":{"start":{"line":22,"column":75},"end":{"line":22,"column":90}},"16":{"start":{"line":23,"column":17},"end":{"line":23,"column":35}},"17":{"start":{"line":24,"column":8},"end":{"line":24,"column":114}},"18":{"start":{"line":26,"column":8},"end":{"line":26,"column":23}},"19":{"start":{"line":31,"column":0},"end":{"line":41,"column":2}},"20":{"start":{"line":32,"column":4},"end":{"line":40,"column":5}},"21":{"start":{"line":33,"column":33},"end":{"line":33,"column":41}},"22":{"start":{"line":34,"column":8},"end":{"line":34,"column":116}},"23":{"start":{"line":34,"column":33},"end":{"line":34,"column":116}},"24":{"start":{"line":35,"column":24},"end":{"line":35,"column":169}},"25":{"start":{"line":36,"column":8},"end":{"line":36,"column":86}},"26":{"start":{"line":36,"column":38},"end":{"line":36,"column":86}},"27":{"start":{"line":37,"column":8},"end":{"line":37,"column":65}},"28":{"start":{"line":39,"column":8},"end":{"line":39,"column":23}},"29":{"start":{"line":44,"column":0},"end":{"line":54,"column":2}},"30":{"start":{"line":45,"column":4},"end":{"line":53,"column":5}},"31":{"start":{"line":46,"column":21},"end":{"line":46,"column":31}},"32":{"start":{"line":47,"column":22},"end":{"line":47,"column":30}},"33":{"start":{"line":48,"column":24},"end":{"line":48,"column":147}},"34":{"start":{"line":49,"column":8},"end":{"line":49,"column":88}},"35":{"start":{"line":49,"column":40},"end":{"line":49,"column":88}},"36":{"start":{"line":50,"column":8},"end":{"line":50,"column":53}},"37":{"start":{"line":52,"column":8},"end":{"line":52,"column":23}},"38":{"start":{"line":57,"column":0},"end":{"line":66,"column":2}},"39":{"start":{"line":58,"column":4},"end":{"line":65,"column":5}},"40":{"start":{"line":59,"column":21},"end":{"line":59,"column":31}},"41":{"start":{"line":60,"column":24},"end":{"line":60,"column":95}},"42":{"start":{"line":61,"column":8},"end":{"line":61,"column":88}},"43":{"start":{"line":61,"column":40},"end":{"line":61,"column":88}},"44":{"start":{"line":62,"column":8},"end":{"line":62,"column":46}},"45":{"start":{"line":64,"column":8},"end":{"line":64,"column":23}},"46":{"start":{"line":68,"column":0},"end":{"line":68,"column":24}}},"fnMap":{"0":{"name":"(anonymous_0)","decl":{"start":{"line":7,"column":16},"end":{"line":7,"column":17}},"loc":{"start":{"line":7,"column":42},"end":{"line":14,"column":1}},"line":7},"1":{"name":"(anonymous_1)","decl":{"start":{"line":17,"column":19},"end":{"line":17,"column":20}},"loc":{"start":{"line":17,"column":45},"end":{"line":28,"column":1}},"line":17},"2":{"name":"(anonymous_2)","decl":{"start":{"line":31,"column":17},"end":{"line":31,"column":18}},"loc":{"start":{"line":31,"column":43},"end":{"line":41,"column":1}},"line":31},"3":{"name":"(anonymous_3)","decl":{"start":{"line":44,"column":19},"end":{"line":44,"column":20}},"loc":{"start":{"line":44,"column":45},"end":{"line":54,"column":1}},"line":44},"4":{"name":"(anonymous_4)","decl":{"start":{"line":57,"column":22},"end":{"line":57,"column":23}},"loc":{"start":{"line":57,"column":48},"end":{"line":66,"column":1}},"line":57}},"branchMap":{"0":{"loc":{"start":{"line":21,"column":8},"end":{"line":21,"column":88}},"type":"if","locations":[{"start":{"line":21,"column":8},"end":{"line":21,"column":88}},{"start":{},"end":{}}],"line":21},"1":{"loc":{"start":{"line":34,"column":8},"end":{"line":34,"column":116}},"type":"if","locations":[{"start":{"line":34,"column":8},"end":{"line":34,"column":116}},{"start":{},"end":{}}],"line":34},"2":{"loc":{"start":{"line":34,"column":12},"end":{"line":34,"column":30}},"type":"binary-expr","locations":[{"start":{"line":34,"column":12},"end":{"line":34,"column":22}},{"start":{"line":34,"column":26},"end":{"line":34,"column":30}}],"line":34},"3":{"loc":{"start":{"line":36,"column":8},"end":{"line":36,"column":86}},"type":"if","locations":[{"start":{"line":36,"column":8},"end":{"line":36,"column":86}},{"start":{},"end":{}}],"line":36},"4":{"loc":{"start":{"line":49,"column":8},"end":{"line":49,"column":88}},"type":"if","locations":[{"start":{"line":49,"column":8},"end":{"line":49,"column":88}},{"start":{},"end":{}}],"line":49},"5":{"loc":{"start":{"line":61,"column":8},"end":{"line":61,"column":88}},"type":"if","locations":[{"start":{"line":61,"column":8},"end":{"line":61,"column":88}},{"start":{},"end":{}}],"line":61}},"s":{"0":1,"1":1,"2":1,"3":1,"4":1,"5":0,"6":0,"7":0,"8":0,"9":1,"10":0,"11":0,"12":0,"13":0,"14":0,"15":0,"16":0,"17":0,"18":0,"19":1,"20":0,"21":0,"22":0,"23":0,"24":0,"25":0,"26":0,"27":0,"28":0,"29":1,"30":0,"31":0,"32":0,"33":0,"34":0,"35":0,"36":0,"37":0,"38":1,"39":0,"40":0,"41":0,"42":0,"43":0,"44":0,"45":0,"46":1},"f":{"0":0,"1":0,"2":0,"3":0,"4":0},"b":{"0":[0,0],"1":[0,0],"2":[0,0],"3":[0,0],"4":[0,0],"5":[0,0]},"_coverageSchema":"1a1c01bbd47fc00a2c39e90264f33305004495a9","hash":"2b8086624d8a724e7968a7c74322bd7b268efe4e"}
}
